2017-03-28 21:30:54,524 [Worker-1] INFO  o.e.m.c.i.i.nexus.NexusIndexManager - Updating index for repository: central|https://repo.maven.apache.org/maven2
2017-03-28 21:30:54,859 [Worker-6] INFO  o.e.m.c.i.embedder.EclipseLogger - Installing /Applications/MyEclipse 2016/MyEclipse 2016.app/Contents/Profile/configuration/org.eclipse.osgi/79/0/.cp/data/2.5.2/chartitemapi.jar to /Users/DaiSuke/.m2/repository/myeclipse-reports/chartitemapi/2.5.2/chartitemapi-2.5.2.jar
2017-03-28 21:30:54,946 [Worker-6] INFO  o.e.m.c.i.embedder.EclipseLogger - Installing /var/folders/v4/yb921vx900l0j6thvpctgxwc0000gn/T/mvninstall2973479052113938119.pom to /Users/DaiSuke/.m2/repository/myeclipse-reports/chartitemapi/2.5.2/chartitemapi-2.5.2.pom
2017-03-28 21:30:56,491 [Worker-6] INFO  o.e.m.c.i.e.AbstractTransferListenerAdapter - Downloaded https://repo.maven.apache.org/maven2/myeclipse-reports/coreapi/2.5.2/coreapi-2.5.2.jar
2017-03-28 21:30:56,502 [Worker-6] INFO  o.e.m.c.i.embedder.EclipseLogger - Installing /Applications/MyEclipse 2016/MyEclipse 2016.app/Contents/Profile/configuration/org.eclipse.osgi/79/0/.cp/data/2.5.2/coreapi.jar to /Users/DaiSuke/.m2/repository/myeclipse-reports/coreapi/2.5.2/coreapi-2.5.2.jar
2017-03-28 21:30:56,519 [Worker-6] INFO  o.e.m.c.i.embedder.EclipseLogger - Installing /var/folders/v4/yb921vx900l0j6thvpctgxwc0000gn/T/mvninstall5938084339076016157.pom to /Users/DaiSuke/.m2/repository/myeclipse-reports/coreapi/2.5.2/coreapi-2.5.2.pom
2017-03-28 21:30:57,426 [Worker-6] INFO  o.e.m.c.i.e.AbstractTransferListenerAdapter - Downloaded https://repo.maven.apache.org/maven2/myeclipse-reports/dataadapterapi/2.5.2/dataadapterapi-2.5.2.jar
2017-03-28 21:30:57,437 [Worker-6] INFO  o.e.m.c.i.embedder.EclipseLogger - Installing /Applications/MyEclipse 2016/MyEclipse 2016.app/Contents/Profile/configuration/org.eclipse.osgi/79/0/.cp/data/2.5.2/dataadapterapi.jar to /Users/DaiSuke/.m2/repository/myeclipse-reports/dataadapterapi/2.5.2/dataadapterapi-2.5.2.jar
2017-03-28 21:30:57,451 [Worker-6] INFO  o.e.m.c.i.embedder.EclipseLogger - Installing /var/folders/v4/yb921vx900l0j6thvpctgxwc0000gn/T/mvninstall888011073688530208.pom to /Users/DaiSuke/.m2/repository/myeclipse-reports/dataadapterapi/2.5.2/dataadapterapi-2.5.2.pom
2017-03-28 21:31:00,269 [Worker-6] INFO  o.e.m.c.i.e.AbstractTransferListenerAdapter - Downloaded https://repo.maven.apache.org/maven2/myeclipse-reports/dteapi/2.5.2/dteapi-2.5.2.jar
2017-03-28 21:31:00,282 [Worker-6] INFO  o.e.m.c.i.embedder.EclipseLogger - Installing /Applications/MyEclipse 2016/MyEclipse 2016.app/Contents/Profile/configuration/org.eclipse.osgi/79/0/.cp/data/2.5.2/dteapi.jar to /Users/DaiSuke/.m2/repository/myeclipse-reports/dteapi/2.5.2/dteapi-2.5.2.jar
2017-03-28 21:31:00,296 [Worker-6] INFO  o.e.m.c.i.embedder.EclipseLogger - Installing /var/folders/v4/yb921vx900l0j6thvpctgxwc0000gn/T/mvninstall3774084360533727044.pom to /Users/DaiSuke/.m2/repository/myeclipse-reports/dteapi/2.5.2/dteapi-2.5.2.pom
2017-03-28 21:31:01,265 [Worker-6] INFO  o.e.m.c.i.e.AbstractTransferListenerAdapter - Downloaded https://repo.maven.apache.org/maven2/myeclipse-reports/engineapi/2.5.2/engineapi-2.5.2.jar
2017-03-28 21:31:01,272 [Worker-6] INFO  o.e.m.c.i.embedder.EclipseLogger - Installing /Applications/MyEclipse 2016/MyEclipse 2016.app/Contents/Profile/configuration/org.eclipse.osgi/79/0/.cp/data/2.5.2/engineapi.jar to /Users/DaiSuke/.m2/repository/myeclipse-reports/engineapi/2.5.2/engineapi-2.5.2.jar
2017-03-28 21:31:01,282 [Worker-6] INFO  o.e.m.c.i.embedder.EclipseLogger - Installing /var/folders/v4/yb921vx900l0j6thvpctgxwc0000gn/T/mvninstall6522766617128342041.pom to /Users/DaiSuke/.m2/repository/myeclipse-reports/engineapi/2.5.2/engineapi-2.5.2.pom
2017-03-28 21:31:02,202 [Worker-6] INFO  o.e.m.c.i.e.AbstractTransferListenerAdapter - Downloaded https://repo.maven.apache.org/maven2/myeclipse-reports/modelapi/2.5.2/modelapi-2.5.2.jar
2017-03-28 21:31:02,211 [Worker-6] INFO  o.e.m.c.i.embedder.EclipseLogger - Installing /Applications/MyEclipse 2016/MyEclipse 2016.app/Contents/Profile/configuration/org.eclipse.osgi/79/0/.cp/data/2.5.2/modelapi.jar to /Users/DaiSuke/.m2/repository/myeclipse-reports/modelapi/2.5.2/modelapi-2.5.2.jar
2017-03-28 21:31:02,228 [Worker-6] INFO  o.e.m.c.i.embedder.EclipseLogger - Installing /var/folders/v4/yb921vx900l0j6thvpctgxwc0000gn/T/mvninstall7799034320739811878.pom to /Users/DaiSuke/.m2/repository/myeclipse-reports/modelapi/2.5.2/modelapi-2.5.2.pom
2017-03-28 21:31:03,380 [Worker-6] INFO  o.e.m.c.i.e.AbstractTransferListenerAdapter - Downloaded https://repo.maven.apache.org/maven2/myeclipse-reports/scriptapi/2.5.2/scriptapi-2.5.2.jar
2017-03-28 21:31:03,389 [Worker-6] INFO  o.e.m.c.i.embedder.EclipseLogger - Installing /Applications/MyEclipse 2016/MyEclipse 2016.app/Contents/Profile/configuration/org.eclipse.osgi/79/0/.cp/data/2.5.2/scriptapi.jar to /Users/DaiSuke/.m2/repository/myeclipse-reports/scriptapi/2.5.2/scriptapi-2.5.2.jar
2017-03-28 21:31:03,406 [Worker-6] INFO  o.e.m.c.i.embedder.EclipseLogger - Installing /var/folders/v4/yb921vx900l0j6thvpctgxwc0000gn/T/mvninstall1557638106136009257.pom to /Users/DaiSuke/.m2/repository/myeclipse-reports/scriptapi/2.5.2/scriptapi-2.5.2.pom
2017-03-28 21:31:05,316 [Worker-6] INFO  o.e.m.c.i.e.AbstractTransferListenerAdapter - Downloaded https://repo.maven.apache.org/maven2/myeclipse-reports/viewservlets/2.5.2/viewservlets-2.5.2.jar
2017-03-28 21:31:05,323 [Worker-6] INFO  o.e.m.c.i.embedder.EclipseLogger - Installing /Applications/MyEclipse 2016/MyEclipse 2016.app/Contents/Profile/configuration/org.eclipse.osgi/79/0/.cp/data/2.5.2/viewservlets.jar to /Users/DaiSuke/.m2/repository/myeclipse-reports/viewservlets/2.5.2/viewservlets-2.5.2.jar
2017-03-28 21:31:05,354 [Worker-6] INFO  o.e.m.c.i.embedder.EclipseLogger - Installing /var/folders/v4/yb921vx900l0j6thvpctgxwc0000gn/T/mvninstall8919241780091844058.pom to /Users/DaiSuke/.m2/repository/myeclipse-reports/viewservlets/2.5.2/viewservlets-2.5.2.pom
2017-03-28 21:31:07,020 [Worker-6] INFO  o.e.m.c.i.e.AbstractTransferListenerAdapter - Downloaded https://repo.maven.apache.org/maven2/myeclipse-reports/crosstabcoreapi/2.5.2/crosstabcoreapi-2.5.2.jar
2017-03-28 21:31:07,035 [Worker-6] INFO  o.e.m.c.i.embedder.EclipseLogger - Installing /Applications/MyEclipse 2016/MyEclipse 2016.app/Contents/Profile/configuration/org.eclipse.osgi/79/0/.cp/data/2.5.2/crosstabcoreapi.jar to /Users/DaiSuke/.m2/repository/myeclipse-reports/crosstabcoreapi/2.5.2/crosstabcoreapi-2.5.2.jar
2017-03-28 21:31:07,043 [Worker-6] INFO  o.e.m.c.i.embedder.EclipseLogger - Installing /var/folders/v4/yb921vx900l0j6thvpctgxwc0000gn/T/mvninstall6895246948348888858.pom to /Users/DaiSuke/.m2/repository/myeclipse-reports/crosstabcoreapi/2.5.2/crosstabcoreapi-2.5.2.pom
2017-03-28 21:31:08,602 [Worker-6] INFO  o.e.m.c.i.e.AbstractTransferListenerAdapter - Downloaded https://repo.maven.apache.org/maven2/myeclipse-reports/dataaggregationapi/2.5.2/dataaggregationapi-2.5.2.jar
2017-03-28 21:31:08,609 [Worker-6] INFO  o.e.m.c.i.embedder.EclipseLogger - Installing /Applications/MyEclipse 2016/MyEclipse 2016.app/Contents/Profile/configuration/org.eclipse.osgi/79/0/.cp/data/2.5.2/dataaggregationapi.jar to /Users/DaiSuke/.m2/repository/myeclipse-reports/dataaggregationapi/2.5.2/dataaggregationapi-2.5.2.jar
2017-03-28 21:31:08,617 [Worker-6] INFO  o.e.m.c.i.embedder.EclipseLogger - Installing /var/folders/v4/yb921vx900l0j6thvpctgxwc0000gn/T/mvninstall8859524710518590429.pom to /Users/DaiSuke/.m2/repository/myeclipse-reports/dataaggregationapi/2.5.2/dataaggregationapi-2.5.2.pom
2017-03-28 21:31:10,323 [Worker-6] INFO  o.e.m.c.i.e.AbstractTransferListenerAdapter - Downloaded https://repo.maven.apache.org/maven2/myeclipse-reports/modelodaapi/2.5.2/modelodaapi-2.5.2.jar
2017-03-28 21:31:10,332 [Worker-6] INFO  o.e.m.c.i.embedder.EclipseLogger - Installing /Applications/MyEclipse 2016/MyEclipse 2016.app/Contents/Profile/configuration/org.eclipse.osgi/79/0/.cp/data/2.5.2/modelodaapi.jar to /Users/DaiSuke/.m2/repository/myeclipse-reports/modelodaapi/2.5.2/modelodaapi-2.5.2.jar
2017-03-28 21:31:10,339 [Worker-6] INFO  o.e.m.c.i.embedder.EclipseLogger - Installing /var/folders/v4/yb921vx900l0j6thvpctgxwc0000gn/T/mvninstall7082091587251794074.pom to /Users/DaiSuke/.m2/repository/myeclipse-reports/modelodaapi/2.5.2/modelodaapi-2.5.2.pom
2017-03-28 21:31:13,686 [Worker-6] INFO  o.e.m.c.i.e.AbstractTransferListenerAdapter - Downloaded https://repo.maven.apache.org/maven2/myeclipse-reports/odadesignapi/2.5.2/odadesignapi-2.5.2.jar
2017-03-28 21:31:13,692 [Worker-6] INFO  o.e.m.c.i.embedder.EclipseLogger - Installing /Applications/MyEclipse 2016/MyEclipse 2016.app/Contents/Profile/configuration/org.eclipse.osgi/79/0/.cp/data/2.5.2/odadesignapi.jar to /Users/DaiSuke/.m2/repository/myeclipse-reports/odadesignapi/2.5.2/odadesignapi-2.5.2.jar
2017-03-28 21:31:13,700 [Worker-6] INFO  o.e.m.c.i.embedder.EclipseLogger - Installing /var/folders/v4/yb921vx900l0j6thvpctgxwc0000gn/T/mvninstall6417396721465598077.pom to /Users/DaiSuke/.m2/repository/myeclipse-reports/odadesignapi/2.5.2/odadesignapi-2.5.2.pom
2017-03-28 21:31:14,663 [Worker-6] INFO  o.e.m.c.i.e.AbstractTransferListenerAdapter - Downloaded https://repo.maven.apache.org/maven2/myeclipse-reports/dataextraction/2.5.2/dataextraction-2.5.2.jar
2017-03-28 21:31:14,676 [Worker-6] INFO  o.e.m.c.i.embedder.EclipseLogger - Installing /Applications/MyEclipse 2016/MyEclipse 2016.app/Contents/Profile/configuration/org.eclipse.osgi/79/0/.cp/data/2.5.2/dataextraction.jar to /Users/DaiSuke/.m2/repository/myeclipse-reports/dataextraction/2.5.2/dataextraction-2.5.2.jar
2017-03-28 21:31:14,692 [Worker-6] INFO  o.e.m.c.i.embedder.EclipseLogger - Installing /var/folders/v4/yb921vx900l0j6thvpctgxwc0000gn/T/mvninstall5173356739510491456.pom to /Users/DaiSuke/.m2/repository/myeclipse-reports/dataextraction/2.5.2/dataextraction-2.5.2.pom
2017-03-28 21:31:16,897 [Worker-6] INFO  o.e.m.c.i.e.AbstractTransferListenerAdapter - Downloaded https://repo.maven.apache.org/maven2/myeclipse-reports/emitterconfig/2.5.2/emitterconfig-2.5.2.jar
2017-03-28 21:31:16,905 [Worker-6] INFO  o.e.m.c.i.embedder.EclipseLogger - Installing /Applications/MyEclipse 2016/MyEclipse 2016.app/Contents/Profile/configuration/org.eclipse.osgi/79/0/.cp/data/2.5.2/emitterconfig.jar to /Users/DaiSuke/.m2/repository/myeclipse-reports/emitterconfig/2.5.2/emitterconfig-2.5.2.jar
2017-03-28 21:31:16,917 [Worker-6] INFO  o.e.m.c.i.embedder.EclipseLogger - Installing /var/folders/v4/yb921vx900l0j6thvpctgxwc0000gn/T/mvninstall8086175545551500305.pom to /Users/DaiSuke/.m2/repository/myeclipse-reports/emitterconfig/2.5.2/emitterconfig-2.5.2.pom
2017-03-28 21:31:18,127 [Worker-6] INFO  o.e.m.c.i.e.AbstractTransferListenerAdapter - Downloaded https://repo.maven.apache.org/maven2/myeclipse/org.eclipse.emf.common/2.5.0/org.eclipse.emf.common-2.5.0.jar
2017-03-28 21:31:18,134 [Worker-6] INFO  o.e.m.c.i.embedder.EclipseLogger - Installing /Applications/MyEclipse 2016/MyEclipse 2016.app/Contents/Profile/configuration/org.eclipse.osgi/79/0/.cp/data/2.5/org.eclipse.emf.common_2.5.0.v200906151043.jar to /Users/DaiSuke/.m2/repository/myeclipse/org.eclipse.emf.common/2.5.0/org.eclipse.emf.common-2.5.0.jar
2017-03-28 21:31:18,156 [Worker-6] INFO  o.e.m.c.i.embedder.EclipseLogger - Installing /var/folders/v4/yb921vx900l0j6thvpctgxwc0000gn/T/mvninstall4979205996852835010.pom to /Users/DaiSuke/.m2/repository/myeclipse/org.eclipse.emf.common/2.5.0/org.eclipse.emf.common-2.5.0.pom
2017-03-28 21:31:19,381 [Worker-6] INFO  o.e.m.c.i.e.AbstractTransferListenerAdapter - Downloaded https://repo.maven.apache.org/maven2/myeclipse/org.eclipse.emf.ecore/2.5.0/org.eclipse.emf.ecore-2.5.0.jar
2017-03-28 21:31:19,398 [Worker-6] INFO  o.e.m.c.i.embedder.EclipseLogger - Installing /Applications/MyEclipse 2016/MyEclipse 2016.app/Contents/Profile/configuration/org.eclipse.osgi/79/0/.cp/data/2.5/org.eclipse.emf.ecore_2.5.0.v200906151043.jar to /Users/DaiSuke/.m2/repository/myeclipse/org.eclipse.emf.ecore/2.5.0/org.eclipse.emf.ecore-2.5.0.jar
2017-03-28 21:31:19,423 [Worker-6] INFO  o.e.m.c.i.embedder.EclipseLogger - Installing /var/folders/v4/yb921vx900l0j6thvpctgxwc0000gn/T/mvninstall8744981543191450179.pom to /Users/DaiSuke/.m2/repository/myeclipse/org.eclipse.emf.ecore/2.5.0/org.eclipse.emf.ecore-2.5.0.pom
2017-03-28 21:31:20,604 [Worker-6] INFO  o.e.m.c.i.e.AbstractTransferListenerAdapter - Downloaded https://repo.maven.apache.org/maven2/myeclipse/org.eclipse.emf.ecore.xmi/2.5.0/org.eclipse.emf.ecore.xmi-2.5.0.jar
2017-03-28 21:31:20,613 [Worker-6] INFO  o.e.m.c.i.embedder.EclipseLogger - Installing /Applications/MyEclipse 2016/MyEclipse 2016.app/Contents/Profile/configuration/org.eclipse.osgi/79/0/.cp/data/2.5/org.eclipse.emf.ecore.xmi_2.5.0.v200906151043.jar to /Users/DaiSuke/.m2/repository/myeclipse/org.eclipse.emf.ecore.xmi/2.5.0/org.eclipse.emf.ecore.xmi-2.5.0.jar
2017-03-28 21:31:20,621 [Worker-6] INFO  o.e.m.c.i.embedder.EclipseLogger - Installing /var/folders/v4/yb921vx900l0j6thvpctgxwc0000gn/T/mvninstall3778245557058664475.pom to /Users/DaiSuke/.m2/repository/myeclipse/org.eclipse.emf.ecore.xmi/2.5.0/org.eclipse.emf.ecore.xmi-2.5.0.pom
2017-03-28 21:31:22,519 [Worker-6] INFO  o.e.m.c.i.e.AbstractTransferListenerAdapter - Downloaded https://repo.maven.apache.org/maven2/com/sun/jersey/jersey-multipart/1.0.3.1/jersey-multipart-1.0.3.1.jar
2017-03-28 21:31:22,539 [Worker-6] INFO  o.e.m.c.i.embedder.EclipseLogger - Installing /Applications/MyEclipse 2016/MyEclipse 2016.app/Contents/Profile/plugins/com.genuitec.eclipse.ws_13.0.0.me201602031002/lib/jersey/1.0/jersey-multipart-1.0.3.1.jar to /Users/DaiSuke/.m2/repository/com/sun/jersey/jersey-multipart/1.0.3.1/jersey-multipart-1.0.3.1.jar
2017-03-28 21:31:22,559 [Worker-6] INFO  o.e.m.c.i.embedder.EclipseLogger - Installing /var/folders/v4/yb921vx900l0j6thvpctgxwc0000gn/T/mvninstall5566698000252682654.pom to /Users/DaiSuke/.m2/repository/com/sun/jersey/jersey-multipart/1.0.3.1/jersey-multipart-1.0.3.1.pom
2017-03-28 21:31:23,655 [Worker-6] INFO  o.e.m.c.i.e.AbstractTransferListenerAdapter - Downloaded https://repo.maven.apache.org/maven2/com/sun/jersey/jersey-multipart/1.4/jersey-multipart-1.4.jar
2017-03-28 21:31:23,666 [Worker-6] INFO  o.e.m.c.i.embedder.EclipseLogger - Installing /Applications/MyEclipse 2016/MyEclipse 2016.app/Contents/Profile/plugins/com.genuitec.eclipse.ws_13.0.0.me201602031002/lib/jersey/1.4/jersey-multipart-1.4.jar to /Users/DaiSuke/.m2/repository/com/sun/jersey/jersey-multipart/1.4/jersey-multipart-1.4.jar
2017-03-28 21:31:23,676 [Worker-6] INFO  o.e.m.c.i.embedder.EclipseLogger - Installing /var/folders/v4/yb921vx900l0j6thvpctgxwc0000gn/T/mvninstall772274764421554459.pom to /Users/DaiSuke/.m2/repository/com/sun/jersey/jersey-multipart/1.4/jersey-multipart-1.4.pom
2017-03-28 21:31:24,642 [Worker-6] INFO  o.e.m.c.i.e.AbstractTransferListenerAdapter - Downloaded https://repo.maven.apache.org/maven2/com/sun/webservices-extra/1.1/webservices-extra-1.1.jar
2017-03-28 21:31:24,648 [Worker-6] INFO  o.e.m.c.i.embedder.EclipseLogger - Installing /Applications/MyEclipse 2016/MyEclipse 2016.app/Contents/Profile/plugins/com.genuitec.eclipse.ws.xfire_13.0.0.me201602031002/lib/webservices-extra.jar to /Users/DaiSuke/.m2/repository/com/sun/webservices-extra/1.1/webservices-extra-1.1.jar
2017-03-28 21:31:24,660 [Worker-6] INFO  o.e.m.c.i.embedder.EclipseLogger - Installing /var/folders/v4/yb921vx900l0j6thvpctgxwc0000gn/T/mvninstall4821333286056641318.pom to /Users/DaiSuke/.m2/repository/com/sun/webservices-extra/1.1/webservices-extra-1.1.pom
2017-03-28 21:31:25,598 [Worker-6] INFO  o.e.m.c.i.e.AbstractTransferListenerAdapter - Downloaded https://repo.maven.apache.org/maven2/com/sun/webservices-rt/1.1/webservices-rt-1.1.jar
2017-03-28 21:31:25,606 [Worker-6] INFO  o.e.m.c.i.embedder.EclipseLogger - Installing /Applications/MyEclipse 2016/MyEclipse 2016.app/Contents/Profile/plugins/com.genuitec.eclipse.ws.xfire_13.0.0.me201602031002/lib/webservices-rt.jar to /Users/DaiSuke/.m2/repository/com/sun/webservices-rt/1.1/webservices-rt-1.1.jar
2017-03-28 21:31:25,666 [Worker-6] INFO  o.e.m.c.i.embedder.EclipseLogger - Installing /var/folders/v4/yb921vx900l0j6thvpctgxwc0000gn/T/mvninstall5729852799671584097.pom to /Users/DaiSuke/.m2/repository/com/sun/webservices-rt/1.1/webservices-rt-1.1.pom
2017-03-28 21:31:30,684 [Worker-6] INFO  o.e.m.c.i.e.AbstractTransferListenerAdapter - Downloaded https://repo.maven.apache.org/maven2/org/primefaces/primefaces/2.1/primefaces-2.1.jar
2017-03-28 21:31:30,693 [Worker-6] INFO  o.e.m.c.i.embedder.EclipseLogger - Installing /Applications/MyEclipse 2016/MyEclipse 2016.app/Contents/Profile/configuration/org.eclipse.osgi/241/0/.cp/lib/primefaces/2.1/primefaces-2.1.jar to /Users/DaiSuke/.m2/repository/org/primefaces/primefaces/2.1/primefaces-2.1.jar
2017-03-28 21:31:30,724 [Worker-6] INFO  o.e.m.c.i.embedder.EclipseLogger - Installing /var/folders/v4/yb921vx900l0j6thvpctgxwc0000gn/T/mvninstall2891985226416027014.pom to /Users/DaiSuke/.m2/repository/org/primefaces/primefaces/2.1/primefaces-2.1.pom
2017-03-28 21:31:31,103 [Worker-6] INFO  o.e.m.c.i.i.nexus.NexusIndexManager - Updated local repository index
2017-03-28 21:47:00,815 [Worker-1] ERROR o.e.m.c.i.i.nexus.NexusIndexManager - Unable to update index for central|https://repo.maven.apache.org/maven2: no segments* file found in org.apache.lucene.store.FSDirectory@/private/var/folders/v4/yb921vx900l0j6thvpctgxwc0000gn/T/nexus-index2671222819673099464.dir: files:
java.io.FileNotFoundException: no segments* file found in org.apache.lucene.store.FSDirectory@/private/var/folders/v4/yb921vx900l0j6thvpctgxwc0000gn/T/nexus-index2671222819673099464.dir: files:
	at org.apache.lucene.index.SegmentInfos$FindSegmentsFile.run(SegmentInfos.java:604) ~[lucene-core-2.4.1.jar:2.4.1 750176 - 2009-03-04 21:56:52]
	at org.apache.lucene.index.DirectoryIndexReader.open(DirectoryIndexReader.java:115) ~[lucene-core-2.4.1.jar:2.4.1 750176 - 2009-03-04 21:56:52]
	at org.apache.lucene.index.IndexReader.open(IndexReader.java:316) ~[lucene-core-2.4.1.jar:2.4.1 750176 - 2009-03-04 21:56:52]
	at org.apache.lucene.index.IndexReader.open(IndexReader.java:227) ~[lucene-core-2.4.1.jar:2.4.1 750176 - 2009-03-04 21:56:52]
	at org.apache.maven.index.updater.DefaultIndexUpdater.copyUpdatedDocuments(DefaultIndexUpdater.java:352) ~[indexer-core-3.1.0.jar:3.1.0]
	at org.apache.maven.index.updater.DefaultIndexUpdater.unpackIndexArchive(DefaultIndexUpdater.java:288) ~[indexer-core-3.1.0.jar:3.1.0]
	at org.apache.maven.index.updater.DefaultIndexUpdater.loadIndexDirectory(DefaultIndexUpdater.java:218) ~[indexer-core-3.1.0.jar:3.1.0]
	at org.apache.maven.index.updater.DefaultIndexUpdater.access$300(DefaultIndexUpdater.java:75) ~[indexer-core-3.1.0.jar:3.1.0]
	at org.apache.maven.index.updater.DefaultIndexUpdater$LuceneIndexAdaptor.setIndexFile(DefaultIndexUpdater.java:645) ~[indexer-core-3.1.0.jar:3.1.0]
	at org.apache.maven.index.updater.DefaultIndexUpdater.fetchAndUpdateIndex(DefaultIndexUpdater.java:844) ~[indexer-core-3.1.0.jar:3.1.0]
	at org.apache.maven.index.updater.DefaultIndexUpdater.fetchAndUpdateIndex(DefaultIndexUpdater.java:156) ~[indexer-core-3.1.0.jar:3.1.0]
	at org.eclipse.m2e.core.internal.index.nexus.NexusIndexManager.updateRemoteIndex(NexusIndexManager.java:1251) [org.eclipse.m2e.core_1.6.0.me201603161722.jar:na]
	at org.eclipse.m2e.core.internal.index.nexus.NexusIndexManager.updateIndex(NexusIndexManager.java:1193) [org.eclipse.m2e.core_1.6.0.me201603161722.jar:na]
	at org.eclipse.m2e.core.internal.index.nexus.NexusIndexManager$1.run(NexusIndexManager.java:703) [org.eclipse.m2e.core_1.6.0.me201603161722.jar:na]
	at org.eclipse.m2e.core.internal.index.nexus.IndexUpdaterJob.run(IndexUpdaterJob.java:72) [org.eclipse.m2e.core_1.6.0.me201603161722.jar:na]
	at org.eclipse.core.internal.jobs.Worker.run(Worker.java:55) [org.eclipse.core.jobs_3.7.0.v20150330-2103.jar:na]
